y

SELinux status:                 enabled
SELinuxfs mount:                /sys/fs/selinux
SELinux root directory:         /etc/selinux
Loaded policy name:             targeted
Current mode:                   enforcing
Mode from config file:          enforcing
Policy MLS status:              enabled
Policy deny_unknown status:     allowed
Memory protection checking:     actual (secure)
Max kernel policy version:      33
Enforcing
mkdir /pubhtml
<html><body><h2>test file
semanage fcontext -a -t httpd_sys_content_t /pubhtml/
curl http://46.243.182.16/index.html
systemctl disable firewalld.service 
systemctl stop firewalld.service 
semanage port -a -t http_port_t -p tcp 5665
curl http://46.243.182.16:5665/index.html
<html><body><h2>test file
